Detecting C compiler ABI info failed to compile with the following output:
Change Dir: /mnt/backups/CLionProjects/Lab2SNAP/cmake-build-debug/CMakeFiles/CMakeTmp

Run Build Command(s):/usr/bin/make cmTC_ee925/fast && /usr/bin/make  -f CMakeFiles/cmTC_ee925.dir/build.make CMakeFiles/cmTC_ee925.dir/build
make[1]: Entering directory '/mnt/backups/CLionProjects/Lab2SNAP/cmake-build-debug/CMakeFiles/CMakeTmp'
Building C object CMakeFiles/cmTC_ee925.dir/CMakeCCompilerABI.c.o
/usr/bin/cc   -v -o CMakeFiles/cmTC_ee925.dir/CMakeCCompilerABI.c.o -c /home/carson/.local/share/JetBrains/Toolbox/apps/CLion/ch-0/211.7628.27/bin/cmake/linux/share/cmake-3.19/Modules/CMakeCCompilerABI.c
Using built-in specs.
COLLECT_GCC=/usr/bin/cc
Target: x86_64-pc-linux-gnu
Configured with: /build/gcc/src/gcc/configure --prefix=/usr --libdir=/usr/lib --libexecdir=/usr/lib --mandir=/usr/share/man --infodir=/usr/share/info --with-bugurl=https://bugs.archlinux.org/ --enable-languages=c,c++,ada,fortran,go,lto,objc,obj-c++,d --with-isl --with-linker-hash-style=gnu --with-system-zlib --enable-__cxa_atexit --enable-cet=auto --enable-checking=release --enable-clocale=gnu --enable-default-pie --enable-default-ssp --enable-gnu-indirect-function --enable-gnu-unique-object --enable-install-libiberty --enable-linker-build-id --enable-lto --enable-multilib --enable-plugin --enable-shared --enable-threads=posix --disable-libssp --disable-libstdcxx-pch --disable-libunwind-exceptions --disable-werror gdc_include_dir=/usr/include/dlang/gdc
Thread model: posix
Supported LTO compression algorithms: zlib zstd
gcc version 11.1.0 (GCC) 
COLLECT_GCC_OPTIONS='-v' '-o' 'CMakeFiles/cmTC_ee925.dir/CMakeCCompilerABI.c.o' '-c' '-mtune=generic' '-march=x86-64' '-dumpdir' 'CMakeFiles/cmTC_ee925.dir/'
 /usr/lib/gcc/x86_64-pc-linux-gnu/11.1.0/cc1 -quiet -v /home/carson/.local/share/JetBrains/Toolbox/apps/CLion/ch-0/211.7628.27/bin/cmake/linux/share/cmake-3.19/Modules/CMakeCCompilerABI.c -quiet -dumpdir CMakeFiles/cmTC_ee925.dir/ -dumpbase CMakeCCompilerABI.c.c -dumpbase-ext .c -mtune=generic -march=x86-64 -version -o /tmp/ccl9kB0Q.s
GNU C17 (GCC) version 11.1.0 (x86_64-pc-linux-gnu)
	compiled by GNU C version 11.1.0, GMP version 6.2.1, MPFR version 4.1.0, MPC version 1.2.1, isl version isl-0.24-GMP

GGC heuristics: --param ggc-min-expand=100 --param ggc-min-heapsize=131072
ignoring nonexistent directory "/usr/lib/gcc/x86_64-pc-linux-gnu/11.1.0/../../../../x86_64-pc-linux-gnu/include"
#include "..." search starts here:
#include <...> search starts here:
 /usr/lib/gcc/x86_64-pc-linux-gnu/11.1.0/include
 /usr/local/include
 /usr/lib/gcc/x86_64-pc-linux-gnu/11.1.0/include-fixed
 /usr/include
End of search list.
GNU C17 (GCC) version 11.1.0 (x86_64-pc-linux-gnu)
	compiled by GNU C version 11.1.0, GMP version 6.2.1, MPFR version 4.1.0, MPC version 1.2.1, isl version isl-0.24-GMP

GGC heuristics: --param ggc-min-expand=100 --param ggc-min-heapsize=131072
Compiler executable checksum: 3d0ac5c030c008e73f10e8b66957dbfa
COLLECT_GCC_OPTIONS='-v' '-o' 'CMakeFiles/cmTC_ee925.dir/CMakeCCompilerABI.c.o' '-c' '-mtune=generic' '-march=x86-64' '-dumpdir' 'CMakeFiles/cmTC_ee925.dir/'
 as -v --64 -o CMakeFiles/cmTC_ee925.dir/CMakeCCompilerABI.c.o /tmp/ccl9kB0Q.s
GNU assembler version 2.36.1 (x86_64-pc-linux-gnu) using BFD version (GNU Binutils) 2.36.1
COMPILER_PATH=/usr/lib/gcc/x86_64-pc-linux-gnu/11.1.0/:/usr/lib/gcc/x86_64-pc-linux-gnu/11.1.0/:/usr/lib/gcc/x86_64-pc-linux-gnu/:/usr/lib/gcc/x86_64-pc-linux-gnu/11.1.0/:/usr/lib/gcc/x86_64-pc-linux-gnu/
LIBRARY_PATH=/usr/lib/gcc/x86_64-pc-linux-gnu/11.1.0/:/usr/lib/gcc/x86_64-pc-linux-gnu/11.1.0/../../../../lib/:/lib/../lib/:/usr/lib/../lib/:/usr/lib/gcc/x86_64-pc-linux-gnu/11.1.0/../../../:/lib/:/usr/lib/
COLLECT_GCC_OPTIONS='-v' '-o' 'CMakeFiles/cmTC_ee925.dir/CMakeCCompilerABI.c.o' '-c' '-mtune=generic' '-march=x86-64' '-dumpdir' 'CMakeFiles/cmTC_ee925.dir/CMakeCCompilerABI.c.'
Linking C executable cmTC_ee925
/home/carson/.local/share/JetBrains/Toolbox/apps/CLion/ch-0/211.7628.27/bin/cmake/linux/bin/cmake -E cmake_link_script CMakeFiles/cmTC_ee925.dir/link.txt --verbose=1
/usr/bin/cc  -v CMakeFiles/cmTC_ee925.dir/CMakeCCompilerABI.c.o -o cmTC_ee925 
Using built-in specs.
COLLECT_GCC=/usr/bin/cc
COLLECT_LTO_WRAPPER=/usr/lib/gcc/x86_64-pc-linux-gnu/11.1.0/lto-wrapper
Target: x86_64-pc-linux-gnu
Configured with: /build/gcc/src/gcc/configure --prefix=/usr --libdir=/usr/lib --libexecdir=/usr/lib --mandir=/usr/share/man --infodir=/usr/share/info --with-bugurl=https://bugs.archlinux.org/ --enable-languages=c,c++,ada,fortran,go,lto,objc,obj-c++,d --with-isl --with-linker-hash-style=gnu --with-system-zlib --enable-__cxa_atexit --enable-cet=auto --enable-checking=release --enable-clocale=gnu --enable-default-pie --enable-default-ssp --enable-gnu-indirect-function --enable-gnu-unique-object --enable-install-libiberty --enable-linker-build-id --enable-lto --enable-multilib --enable-plugin --enable-shared --enable-threads=posix --disable-libssp --disable-libstdcxx-pch --disable-libunwind-exceptions --disable-werror gdc_include_dir=/usr/include/dlang/gdc
Thread model: posix
Supported LTO compression algorithms: zlib zstd
gcc version 11.1.0 (GCC) 
COMPILER_PATH=/usr/lib/gcc/x86_64-pc-linux-gnu/11.1.0/:/usr/lib/gcc/x86_64-pc-linux-gnu/11.1.0/:/usr/lib/gcc/x86_64-pc-linux-gnu/:/usr/lib/gcc/x86_64-pc-linux-gnu/11.1.0/:/usr/lib/gcc/x86_64-pc-linux-gnu/
LIBRARY_PATH=/usr/lib/gcc/x86_64-pc-linux-gnu/11.1.0/:/usr/lib/gcc/x86_64-pc-linux-gnu/11.1.0/../../../../lib/:/lib/../lib/:/usr/lib/../lib/:/usr/lib/gcc/x86_64-pc-linux-gnu/11.1.0/../../../:/lib/:/usr/lib/
COLLECT_GCC_OPTIONS='-v' '-o' 'cmTC_ee925' '-mtune=generic' '-march=x86-64' '-dumpdir' 'cmTC_ee925.'
 /usr/lib/gcc/x86_64-pc-linux-gnu/11.1.0/collect2 -plugin /usr/lib/gcc/x86_64-pc-linux-gnu/11.1.0/liblto_plugin.so -plugin-opt=/usr/lib/gcc/x86_64-pc-linux-gnu/11.1.0/lto-wrapper -plugin-opt=-fresolution=/tmp/cc6Fj5tJ.res -plugin-opt=-pass-through=-lgcc -plugin-opt=-pass-through=-lgcc_s -plugin-opt=-pass-through=-lc -plugin-opt=-pass-through=-lgcc -plugin-opt=-pass-through=-lgcc_s --build-id --eh-frame-hdr --hash-style=gnu -m elf_x86_64 -dynamic-linker /lib64/ld-linux-x86-64.so.2 -pie -o cmTC_ee925 /usr/lib/gcc/x86_64-pc-linux-gnu/11.1.0/../../../../lib/Scrt1.o /usr/lib/gcc/x86_64-pc-linux-gnu/11.1.0/../../../../lib/crti.o /usr/lib/gcc/x86_64-pc-linux-gnu/11.1.0/crtbeginS.o -L/usr/lib/gcc/x86_64-pc-linux-gnu/11.1.0 -L/usr/lib/gcc/x86_64-pc-linux-gnu/11.1.0/../../../../lib -L/lib/../lib -L/usr/lib/../lib -L/usr/lib/gcc/x86_64-pc-linux-gnu/11.1.0/../../.. CMakeFiles/cmTC_ee925.dir/CMakeCCompilerABI.c.o -lgcc --push-state --as-needed -lgcc_s --pop-state -lc -lgcc --push-state --as-needed -lgcc_s --pop-state /usr/lib/gcc/x86_64-pc-linux-gnu/11.1.0/crtendS.o /usr/lib/gcc/x86_64-pc-linux-gnu/11.1.0/../../../../lib/crtn.o
COLLECT_GCC_OPTIONS='-v' '-o' 'cmTC_ee925' '-mtune=generic' '-march=x86-64' '-dumpdir' 'cmTC_ee925.'
make[1]: Leaving directory '/mnt/backups/CLionProjects/Lab2SNAP/cmake-build-debug/CMakeFiles/CMakeTmp'


Cannot copy output executable
  '/mnt/backups/CLionProjects/Lab2SNAP/cmake-build-debug/CMakeFiles/CMakeTmp/cmTC_ee925'
to destination specified by COPY_FILE:
  '/mnt/backups/CLionProjects/Lab2SNAP/cmake-build-debug/CMakeFiles/3.19.2/CMakeDetermineCompilerABI_C.bin'


Detecting CXX compiler ABI info failed to compile with the following output:
Change Dir: /mnt/backups/CLionProjects/Lab2SNAP/cmake-build-debug/CMakeFiles/CMakeTmp

Run Build Command(s):/usr/bin/make cmTC_f7f7c/fast && /usr/bin/make  -f CMakeFiles/cmTC_f7f7c.dir/build.make CMakeFiles/cmTC_f7f7c.dir/build
make[1]: Entering directory '/mnt/backups/CLionProjects/Lab2SNAP/cmake-build-debug/CMakeFiles/CMakeTmp'
Building CXX object CMakeFiles/cmTC_f7f7c.dir/CMakeCXXCompilerABI.cpp.o
/usr/bin/c++   -v -o CMakeFiles/cmTC_f7f7c.dir/CMakeCXXCompilerABI.cpp.o -c /home/carson/.local/share/JetBrains/Toolbox/apps/CLion/ch-0/211.7628.27/bin/cmake/linux/share/cmake-3.19/Modules/CMakeCXXCompilerABI.cpp
Using built-in specs.
COLLECT_GCC=/usr/bin/c++
Target: x86_64-pc-linux-gnu
Configured with: /build/gcc/src/gcc/configure --prefix=/usr --libdir=/usr/lib --libexecdir=/usr/lib --mandir=/usr/share/man --infodir=/usr/share/info --with-bugurl=https://bugs.archlinux.org/ --enable-languages=c,c++,ada,fortran,go,lto,objc,obj-c++,d --with-isl --with-linker-hash-style=gnu --with-system-zlib --enable-__cxa_atexit --enable-cet=auto --enable-checking=release --enable-clocale=gnu --enable-default-pie --enable-default-ssp --enable-gnu-indirect-function --enable-gnu-unique-object --enable-install-libiberty --enable-linker-build-id --enable-lto --enable-multilib --enable-plugin --enable-shared --enable-threads=posix --disable-libssp --disable-libstdcxx-pch --disable-libunwind-exceptions --disable-werror gdc_include_dir=/usr/include/dlang/gdc
Thread model: posix
Supported LTO compression algorithms: zlib zstd
gcc version 11.1.0 (GCC) 
COLLECT_GCC_OPTIONS='-v' '-o' 'CMakeFiles/cmTC_f7f7c.dir/CMakeCXXCompilerABI.cpp.o' '-c' '-shared-libgcc' '-mtune=generic' '-march=x86-64' '-dumpdir' 'CMakeFiles/cmTC_f7f7c.dir/'
 /usr/lib/gcc/x86_64-pc-linux-gnu/11.1.0/cc1plus -quiet -v -D_GNU_SOURCE /home/carson/.local/share/JetBrains/Toolbox/apps/CLion/ch-0/211.7628.27/bin/cmake/linux/share/cmake-3.19/Modules/CMakeCXXCompilerABI.cpp -quiet -dumpdir CMakeFiles/cmTC_f7f7c.dir/ -dumpbase CMakeCXXCompilerABI.cpp.cpp -dumpbase-ext .cpp -mtune=generic -march=x86-64 -version -o /tmp/cc1z7Gf5.s
GNU C++17 (GCC) version 11.1.0 (x86_64-pc-linux-gnu)
	compiled by GNU C version 11.1.0, GMP version 6.2.1, MPFR version 4.1.0, MPC version 1.2.1, isl version isl-0.24-GMP

GGC heuristics: --param ggc-min-expand=100 --param ggc-min-heapsize=131072
ignoring nonexistent directory "/usr/lib/gcc/x86_64-pc-linux-gnu/11.1.0/../../../../x86_64-pc-linux-gnu/include"
#include "..." search starts here:
#include <...> search starts here:
 /usr/lib/gcc/x86_64-pc-linux-gnu/11.1.0/../../../../include/c++/11.1.0
 /usr/lib/gcc/x86_64-pc-linux-gnu/11.1.0/../../../../include/c++/11.1.0/x86_64-pc-linux-gnu
 /usr/lib/gcc/x86_64-pc-linux-gnu/11.1.0/../../../../include/c++/11.1.0/backward
 /usr/lib/gcc/x86_64-pc-linux-gnu/11.1.0/include
 /usr/local/include
 /usr/lib/gcc/x86_64-pc-linux-gnu/11.1.0/include-fixed
 /usr/include
End of search list.
GNU C++17 (GCC) version 11.1.0 (x86_64-pc-linux-gnu)
	compiled by GNU C version 11.1.0, GMP version 6.2.1, MPFR version 4.1.0, MPC version 1.2.1, isl version isl-0.24-GMP

GGC heuristics: --param ggc-min-expand=100 --param ggc-min-heapsize=131072
Compiler executable checksum: 45eb9a71cc15bfdc579557bea4b77e51
COLLECT_GCC_OPTIONS='-v' '-o' 'CMakeFiles/cmTC_f7f7c.dir/CMakeCXXCompilerABI.cpp.o' '-c' '-shared-libgcc' '-mtune=generic' '-march=x86-64' '-dumpdir' 'CMakeFiles/cmTC_f7f7c.dir/'
 as -v --64 -o CMakeFiles/cmTC_f7f7c.dir/CMakeCXXCompilerABI.cpp.o /tmp/cc1z7Gf5.s
GNU assembler version 2.36.1 (x86_64-pc-linux-gnu) using BFD version (GNU Binutils) 2.36.1
COMPILER_PATH=/usr/lib/gcc/x86_64-pc-linux-gnu/11.1.0/:/usr/lib/gcc/x86_64-pc-linux-gnu/11.1.0/:/usr/lib/gcc/x86_64-pc-linux-gnu/:/usr/lib/gcc/x86_64-pc-linux-gnu/11.1.0/:/usr/lib/gcc/x86_64-pc-linux-gnu/
LIBRARY_PATH=/usr/lib/gcc/x86_64-pc-linux-gnu/11.1.0/:/usr/lib/gcc/x86_64-pc-linux-gnu/11.1.0/../../../../lib/:/lib/../lib/:/usr/lib/../lib/:/usr/lib/gcc/x86_64-pc-linux-gnu/11.1.0/../../../:/lib/:/usr/lib/
COLLECT_GCC_OPTIONS='-v' '-o' 'CMakeFiles/cmTC_f7f7c.dir/CMakeCXXCompilerABI.cpp.o' '-c' '-shared-libgcc' '-mtune=generic' '-march=x86-64' '-dumpdir' 'CMakeFiles/cmTC_f7f7c.dir/CMakeCXXCompilerABI.cpp.'
Linking CXX executable cmTC_f7f7c
/home/carson/.local/share/JetBrains/Toolbox/apps/CLion/ch-0/211.7628.27/bin/cmake/linux/bin/cmake -E cmake_link_script CMakeFiles/cmTC_f7f7c.dir/link.txt --verbose=1
/usr/bin/c++  -v CMakeFiles/cmTC_f7f7c.dir/CMakeCXXCompilerABI.cpp.o -o cmTC_f7f7c 
Using built-in specs.
COLLECT_GCC=/usr/bin/c++
COLLECT_LTO_WRAPPER=/usr/lib/gcc/x86_64-pc-linux-gnu/11.1.0/lto-wrapper
Target: x86_64-pc-linux-gnu
Configured with: /build/gcc/src/gcc/configure --prefix=/usr --libdir=/usr/lib --libexecdir=/usr/lib --mandir=/usr/share/man --infodir=/usr/share/info --with-bugurl=https://bugs.archlinux.org/ --enable-languages=c,c++,ada,fortran,go,lto,objc,obj-c++,d --with-isl --with-linker-hash-style=gnu --with-system-zlib --enable-__cxa_atexit --enable-cet=auto --enable-checking=release --enable-clocale=gnu --enable-default-pie --enable-default-ssp --enable-gnu-indirect-function --enable-gnu-unique-object --enable-install-libiberty --enable-linker-build-id --enable-lto --enable-multilib --enable-plugin --enable-shared --enable-threads=posix --disable-libssp --disable-libstdcxx-pch --disable-libunwind-exceptions --disable-werror gdc_include_dir=/usr/include/dlang/gdc
Thread model: posix
Supported LTO compression algorithms: zlib zstd
gcc version 11.1.0 (GCC) 
COMPILER_PATH=/usr/lib/gcc/x86_64-pc-linux-gnu/11.1.0/:/usr/lib/gcc/x86_64-pc-linux-gnu/11.1.0/:/usr/lib/gcc/x86_64-pc-linux-gnu/:/usr/lib/gcc/x86_64-pc-linux-gnu/11.1.0/:/usr/lib/gcc/x86_64-pc-linux-gnu/
LIBRARY_PATH=/usr/lib/gcc/x86_64-pc-linux-gnu/11.1.0/:/usr/lib/gcc/x86_64-pc-linux-gnu/11.1.0/../../../../lib/:/lib/../lib/:/usr/lib/../lib/:/usr/lib/gcc/x86_64-pc-linux-gnu/11.1.0/../../../:/lib/:/usr/lib/
COLLECT_GCC_OPTIONS='-v' '-o' 'cmTC_f7f7c' '-shared-libgcc' '-mtune=generic' '-march=x86-64' '-dumpdir' 'cmTC_f7f7c.'
 /usr/lib/gcc/x86_64-pc-linux-gnu/11.1.0/collect2 -plugin /usr/lib/gcc/x86_64-pc-linux-gnu/11.1.0/liblto_plugin.so -plugin-opt=/usr/lib/gcc/x86_64-pc-linux-gnu/11.1.0/lto-wrapper -plugin-opt=-fresolution=/tmp/ccR5lWOx.res -plugin-opt=-pass-through=-lgcc_s -plugin-opt=-pass-through=-lgcc -plugin-opt=-pass-through=-lc -plugin-opt=-pass-through=-lgcc_s -plugin-opt=-pass-through=-lgcc --build-id --eh-frame-hdr --hash-style=gnu -m elf_x86_64 -dynamic-linker /lib64/ld-linux-x86-64.so.2 -pie -o cmTC_f7f7c /usr/lib/gcc/x86_64-pc-linux-gnu/11.1.0/../../../../lib/Scrt1.o /usr/lib/gcc/x86_64-pc-linux-gnu/11.1.0/../../../../lib/crti.o /usr/lib/gcc/x86_64-pc-linux-gnu/11.1.0/crtbeginS.o -L/usr/lib/gcc/x86_64-pc-linux-gnu/11.1.0 -L/usr/lib/gcc/x86_64-pc-linux-gnu/11.1.0/../../../../lib -L/lib/../lib -L/usr/lib/../lib -L/usr/lib/gcc/x86_64-pc-linux-gnu/11.1.0/../../.. CMakeFiles/cmTC_f7f7c.dir/CMakeCXXCompilerABI.cpp.o -lstdc++ -lm -lgcc_s -lgcc -lc -lgcc_s -lgcc /usr/lib/gcc/x86_64-pc-linux-gnu/11.1.0/crtendS.o /usr/lib/gcc/x86_64-pc-linux-gnu/11.1.0/../../../../lib/crtn.o
COLLECT_GCC_OPTIONS='-v' '-o' 'cmTC_f7f7c' '-shared-libgcc' '-mtune=generic' '-march=x86-64' '-dumpdir' 'cmTC_f7f7c.'
make[1]: Leaving directory '/mnt/backups/CLionProjects/Lab2SNAP/cmake-build-debug/CMakeFiles/CMakeTmp'


Cannot copy output executable
  '/mnt/backups/CLionProjects/Lab2SNAP/cmake-build-debug/CMakeFiles/CMakeTmp/cmTC_f7f7c'
to destination specified by COPY_FILE:
  '/mnt/backups/CLionProjects/Lab2SNAP/cmake-build-debug/CMakeFiles/3.19.2/CMakeDetermineCompilerABI_CXX.bin'


