The system is: Linux - 5.10.53-1-MANJARO - x86_64
Compiling the C compiler identification source file "CMakeCCompilerId.c" succeeded.
Compiler: /usr/bin/cc 
Build flags: 
Id flags:  

The output was:
0


Compilation of the C compiler identification source "CMakeCCompilerId.c" produced "a.out"

The C compiler identification is GNU, found in "/mnt/backups/CLionProjects/Lab9Pokemon/cmake-build-debug/CMakeFiles/3.19.2/CompilerIdC/a.out"

Compiling the CXX compiler identification source file "CMakeCXXCompilerId.cpp" succeeded.
Compiler: /usr/bin/c++ 
Build flags: 
Id flags:  

The output was:
0


Compilation of the CXX compiler identification source "CMakeCXXCompilerId.cpp" produced "a.out"

The CXX compiler identification is GNU, found in "/mnt/backups/CLionProjects/Lab9Pokemon/cmake-build-debug/CMakeFiles/3.19.2/CompilerIdCXX/a.out"

Determining if the C compiler works passed with the following output:
Change Dir: /mnt/backups/CLionProjects/Lab9Pokemon/cmake-build-debug/CMakeFiles/CMakeTmp

Run Build Command(s):/usr/bin/make cmTC_5cfd8/fast && /usr/bin/make  -f CMakeFiles/cmTC_5cfd8.dir/build.make CMakeFiles/cmTC_5cfd8.dir/build
make[1]: Entering directory '/mnt/backups/CLionProjects/Lab9Pokemon/cmake-build-debug/CMakeFiles/CMakeTmp'
Building C object CMakeFiles/cmTC_5cfd8.dir/testCCompiler.c.o
/usr/bin/cc    -o CMakeFiles/cmTC_5cfd8.dir/testCCompiler.c.o -c /mnt/backups/CLionProjects/Lab9Pokemon/cmake-build-debug/CMakeFiles/CMakeTmp/testCCompiler.c
Linking C executable cmTC_5cfd8
/home/carson/.local/share/JetBrains/Toolbox/apps/CLion/ch-0/211.7628.27/bin/cmake/linux/bin/cmake -E cmake_link_script CMakeFiles/cmTC_5cfd8.dir/link.txt --verbose=1
/usr/bin/cc CMakeFiles/cmTC_5cfd8.dir/testCCompiler.c.o -o cmTC_5cfd8 
make[1]: Leaving directory '/mnt/backups/CLionProjects/Lab9Pokemon/cmake-build-debug/CMakeFiles/CMakeTmp'



Determining if the CXX compiler works passed with the following output:
Change Dir: /mnt/backups/CLionProjects/Lab9Pokemon/cmake-build-debug/CMakeFiles/CMakeTmp

Run Build Command(s):/usr/bin/make cmTC_60af1/fast && /usr/bin/make  -f CMakeFiles/cmTC_60af1.dir/build.make CMakeFiles/cmTC_60af1.dir/build
make[1]: Entering directory '/mnt/backups/CLionProjects/Lab9Pokemon/cmake-build-debug/CMakeFiles/CMakeTmp'
Building CXX object CMakeFiles/cmTC_60af1.dir/testCXXCompiler.cxx.o
/usr/bin/c++    -o CMakeFiles/cmTC_60af1.dir/testCXXCompiler.cxx.o -c /mnt/backups/CLionProjects/Lab9Pokemon/cmake-build-debug/CMakeFiles/CMakeTmp/testCXXCompiler.cxx
Linking CXX executable cmTC_60af1
/home/carson/.local/share/JetBrains/Toolbox/apps/CLion/ch-0/211.7628.27/bin/cmake/linux/bin/cmake -E cmake_link_script CMakeFiles/cmTC_60af1.dir/link.txt --verbose=1
/usr/bin/c++ CMakeFiles/cmTC_60af1.dir/testCXXCompiler.cxx.o -o cmTC_60af1 
make[1]: Leaving directory '/mnt/backups/CLionProjects/Lab9Pokemon/cmake-build-debug/CMakeFiles/CMakeTmp'



